  Allocator.cpp
  Generating Code...
  Compiling...
  mymain.cpp
  ms5_tester.cpp
  Product.cpp
d:\seneca\oop\a1\oop-project\ms5\product.cpp(27): warning C4996: 'strncpy': This function or variable may be unsafe. Consider using strncpy_s instead. To disable deprecation, use _CRT_SECURE_NO_WARNINGS. See online help for details.
  c:\program files (x86)\windows kits\10\include\10.0.10240.0\ucrt\string.h(340): note: see declaration of 'strncpy'
d:\seneca\oop\a1\oop-project\ms5\product.cpp(66): warning C4996: 'strncpy': This function or variable may be unsafe. Consider using strncpy_s instead. To disable deprecation, use _CRT_SECURE_NO_WARNINGS. See online help for details.
  c:\program files (x86)\windows kits\10\include\10.0.10240.0\ucrt\string.h(340): note: see declaration of 'strncpy'
d:\seneca\oop\a1\oop-project\ms5\product.cpp(73): warning C4996: 'strncpy': This function or variable may be unsafe. Consider using strncpy_s instead. To disable deprecation, use _CRT_SECURE_NO_WARNINGS. See online help for details.
  c:\program files (x86)\windows kits\10\include\10.0.10240.0\ucrt\string.h(340): note: see declaration of 'strncpy'
d:\seneca\oop\a1\oop-project\ms5\product.cpp(265): warning C4996: 'strncpy': This function or variable may be unsafe. Consider using strncpy_s instead. To disable deprecation, use _CRT_SECURE_NO_WARNINGS. See online help for details.
  c:\program files (x86)\windows kits\10\include\10.0.10240.0\ucrt\string.h(340): note: see declaration of 'strncpy'
d:\seneca\oop\a1\oop-project\ms5\product.cpp(273): warning C4996: 'strncpy': This function or variable may be unsafe. Consider using strncpy_s instead. To disable deprecation, use _CRT_SECURE_NO_WARNINGS. See online help for details.
  c:\program files (x86)\windows kits\10\include\10.0.10240.0\ucrt\string.h(340): note: see declaration of 'strncpy'
d:\seneca\oop\a1\oop-project\ms5\product.cpp(278): warning C4996: 'strncpy': This function or variable may be unsafe. Consider using strncpy_s instead. To disable deprecation, use _CRT_SECURE_NO_WARNINGS. See online help for details.
  c:\program files (x86)\windows kits\10\include\10.0.10240.0\ucrt\string.h(340): note: see declaration of 'strncpy'
  Perishable.cpp
  Generating Code...
  MS5.vcxproj -> D:\Seneca\OOP\a1\OOP-Project\MS5\Debug\MS5.exe
